<?xml version="1.0" encoding="UTF-8" ?>
<testsuite errors="0" failures="0" hostname="parths-Air.attlocal.net" name="com.kata.pencildurability.PencilDurabilityTest" skipped="0" tests="15" time="0.549" timestamp="2018-09-10T03:07:20">
  <properties>
[...]
</properties>
  <testcase classname="com.kata.pencildurability.PencilDurabilityTest" name="test11EraserPointDurabilityDegrade" time="0.01" />
  <testcase classname="com.kata.pencildurability.PencilDurabilityTest" name="test13EditTextLessCharacterWordToReplace" time="0.001" />
  <testcase classname="com.kata.pencildurability.PencilDurabilityTest" name="test6PencilWritingTextSharpenPencil" time="0.0" />
  <testcase classname="com.kata.pencildurability.PencilDurabilityTest" name="test10EraseText" time="0.0" />
  <testcase classname="com.kata.pencildurability.PencilDurabilityTest" name="test13EditTextNineCharacterWordToReplace" time="0.0" />
  <testcase classname="com.kata.pencildurability.PencilDurabilityTest" name="test3PencilWritingTextLessThanInitialDurabilityTenCharacters" time="0.0" />
  <testcase classname="com.kata.pencildurability.PencilDurabilityTest" name="test9NoRestorePencilDurabilityWhenPencilLengthIsZero" time="0.0" />
  <testcase classname="com.kata.pencildurability.PencilDurabilityTest" name="test8CheckPencilLengthAfterSharpen" time="0.0" />
  <testcase classname="com.kata.pencildurability.PencilDurabilityTest" name="test4PencilWritingTextMoreThanInitialDurabilityTenCharacters" time="0.0" />
  <testcase classname="com.kata.pencildurability.PencilDurabilityTest" name="test12EditTextExactWordFit" time="0.001" />
  <testcase classname="com.kata.pencildurability.PencilDurabilityTest" name="test1WriteTextOnPaperWithPencil" time="0.0" />
  <testcase classname="com.kata.pencildurability.PencilDurabilityTest" name="test14EditTextTenCharacterWordToReplace" time="0.001" />
  <testcase classname="com.kata.pencildurability.PencilDurabilityTest" name="test7CheckPencilInitalLength" time="0.0" />
  <testcase classname="com.kata.pencildurability.PencilDurabilityTest" name="test5PencilWritingTextUpperCaseLettersDegradePencilByTwo" time="0.0" />
  <testcase classname="com.kata.pencildurability.PencilDurabilityTest" name="test2AppendTextToExistingTextOnPaperWithPencil" time="0.001" />
  <system-out><![CDATA[]]></system-out>
  <system-err><![CDATA[]]></system-err>
</testsuite>
